2025-05-09 20:07:47,099:WARNING:
'cuml' is a soft dependency and not included in the pycaret installation. Please run: `pip install cuml` to install.
2025-05-09 20:07:47,099:WARNING:
'cuml' is a soft dependency and not included in the pycaret installation. Please run: `pip install cuml` to install.
2025-05-09 20:07:47,099:WARNING:
'cuml' is a soft dependency and not included in the pycaret installation. Please run: `pip install cuml` to install.
2025-05-09 20:07:47,099:WARNING:
'cuml' is a soft dependency and not included in the pycaret installation. Please run: `pip install cuml` to install.
2025-05-09 20:07:47,541:WARNING:
'prophet' is a soft dependency and not included in the pycaret installation. Please run: `pip install prophet` to install.
2025-05-09 20:07:58,021:INFO:Initializing load_model()
2025-05-09 20:07:58,021:INFO:load_model(model_name=pickle/pickle_rf_pycaret, platform=None, authentication=None, verbose=True)
2025-05-09 20:07:58,098:WARNING:C:\Users\anton\miniconda3\envs\pyenv310\lib\site-packages\pycaret\internal\pipeline.py:135: UserWarning: Version mismatch:
current: {'deps_info': {'pip': '25.1', 'setuptools': '78.1.1', 'pycaret': '3.0.1', 'IPython': '8.36.0', 'ipywidgets': '8.1.7', 'tqdm': '4.67.1', 'numpy': '1.23.5', 'pandas': '1.5.3', 'jinja2': '3.1.6', 'scipy': '1.11.4', 'joblib': '1.3.2', 'sklearn': '1.2.2', 'pyod': '2.0.5', 'imblearn': '0.12.4', 'category_encoders': '2.7.0', 'lightgbm': '4.6.0', 'numba': '0.60.0', 'requests': '2.32.3', 'matplotlib': '3.10.1', 'scikitplot': '0.3.7', 'yellowbrick': '1.5', 'plotly': '5.24.1', 'kaleido': '0.2.1', 'statsmodels': '0.14.4', 'sktime': '0.17.0', 'tbats': '1.1.3', 'pmdarima': '2.0.4', 'psutil': '7.0.0'}, 'python': {'version': '3.10.16', 'machine': 'AMD64'}}
pickle: {'deps_info': {'pip': '25.0', 'setuptools': '75.8.0', 'pycaret': '3.0.1', 'IPython': '8.34.0', 'ipywidgets': '8.1.5', 'tqdm': '4.67.1', 'numpy': '1.23.5', 'pandas': '1.5.3', 'jinja2': '3.1.6', 'scipy': '1.11.4', 'joblib': '1.3.2', 'sklearn': '1.2.2', 'pyod': '2.0.4', 'imblearn': '0.12.4', 'category_encoders': '2.7.0', 'lightgbm': '4.6.0', 'numba': '0.60.0', 'requests': '2.32.3', 'matplotlib': '3.10.1', 'scikitplot': '0.3.7', 'yellowbrick': '1.5', 'plotly': '5.24.1', 'kaleido': '0.2.1', 'statsmodels': '0.14.4', 'sktime': '0.17.0', 'tbats': '1.1.3', 'pmdarima': '2.0.4', 'psutil': '5.9.0'}, 'python': {'version': '3.10.16', 'machine': 'AMD64'}}
  warnings.warn(

2025-05-09 20:08:00,971:INFO:Initializing load_model()
2025-05-09 20:08:00,971:INFO:load_model(model_name=pickle/pickle_rf_pycaret, platform=None, authentication=None, verbose=True)
2025-05-09 20:08:01,037:WARNING:C:\Users\anton\miniconda3\envs\pyenv310\lib\site-packages\pycaret\internal\pipeline.py:135: UserWarning: Version mismatch:
current: {'deps_info': {'pip': '25.1', 'setuptools': '78.1.1', 'pycaret': '3.0.1', 'IPython': '8.36.0', 'ipywidgets': '8.1.7', 'tqdm': '4.67.1', 'numpy': '1.23.5', 'pandas': '1.5.3', 'jinja2': '3.1.6', 'scipy': '1.11.4', 'joblib': '1.3.2', 'sklearn': '1.2.2', 'pyod': '2.0.5', 'imblearn': '0.12.4', 'category_encoders': '2.7.0', 'lightgbm': '4.6.0', 'numba': '0.60.0', 'requests': '2.32.3', 'matplotlib': '3.10.1', 'scikitplot': '0.3.7', 'yellowbrick': '1.5', 'plotly': '5.24.1', 'kaleido': '0.2.1', 'statsmodels': '0.14.4', 'sktime': '0.17.0', 'tbats': '1.1.3', 'pmdarima': '2.0.4', 'psutil': '7.0.0'}, 'python': {'version': '3.10.16', 'machine': 'AMD64'}}
pickle: {'deps_info': {'pip': '25.0', 'setuptools': '75.8.0', 'pycaret': '3.0.1', 'IPython': '8.34.0', 'ipywidgets': '8.1.5', 'tqdm': '4.67.1', 'numpy': '1.23.5', 'pandas': '1.5.3', 'jinja2': '3.1.6', 'scipy': '1.11.4', 'joblib': '1.3.2', 'sklearn': '1.2.2', 'pyod': '2.0.4', 'imblearn': '0.12.4', 'category_encoders': '2.7.0', 'lightgbm': '4.6.0', 'numba': '0.60.0', 'requests': '2.32.3', 'matplotlib': '3.10.1', 'scikitplot': '0.3.7', 'yellowbrick': '1.5', 'plotly': '5.24.1', 'kaleido': '0.2.1', 'statsmodels': '0.14.4', 'sktime': '0.17.0', 'tbats': '1.1.3', 'pmdarima': '2.0.4', 'psutil': '5.9.0'}, 'python': {'version': '3.10.16', 'machine': 'AMD64'}}
  warnings.warn(

2025-05-09 20:08:01,081:INFO:Initializing predict_model()
2025-05-09 20:08:01,081:INFO:predict_model(self=<pycaret.classification.oop.ClassificationExperiment object at 0x0000022297AF9D20>, estimator=Pipeline(memory=Memory(location=C:\Users\anton\Downloads\deploy\deploy\cp2\.pycaret_cache_temp\joblib),
         steps=[('numerical_imputer',
                 TransformerWrapper(include=['AcceptedCmp1', 'AcceptedCmp2',
                                             'AcceptedCmp3', 'AcceptedCmp4',
                                             'AcceptedCmp5', 'Age', 'Complain',
                                             'Income', 'Kidhome',
                                             'MntFishProducts', 'MntFruits',
                                             'MntGoldProds', 'MntMeatProducts',
                                             'MntSweetProducts...
                 TransformerWrapper(include=['Education', 'Marital_Status'],
                                    transformer=OneHotEncoder(cols=['Education',
                                                                    'Marital_Status'],
                                                              handle_missing='return_nan',
                                                              use_cat_names=True))),
                ('remove_outliers',
                 TransformerWrapper(transformer=RemoveOutliers(random_state=123))),
                ('balance',
                 TransformerWrapper(transformer=FixImbalancer(estimator=SMOTE()))),
                ('trained_model',
                 RandomForestClassifier(n_jobs=-1, random_state=123))]), probability_threshold=None, encoded_labels=False, raw_score=True, round=4, verbose=True, ml_usecase=None, preprocess=True, encode_labels=<function _SupervisedExperiment.predict_model.<locals>.encode_labels at 0x00000222DF46C160>)
2025-05-09 20:08:01,081:INFO:Checking exceptions
2025-05-09 20:08:01,081:INFO:Preloading libraries
2025-05-09 20:08:01,083:INFO:Set up data.
2025-05-09 20:08:01,091:INFO:Set up index.
2025-05-09 20:08:12,684:INFO:Initializing load_model()
2025-05-09 20:08:12,684:INFO:load_model(model_name=./pickle/pickle_rf_pycaret, platform=None, authentication=None, verbose=True)
2025-05-09 20:08:12,742:WARNING:C:\Users\anton\miniconda3\envs\pyenv310\lib\site-packages\pycaret\internal\pipeline.py:135: UserWarning: Version mismatch:
current: {'deps_info': {'pip': '25.1', 'setuptools': '78.1.1', 'pycaret': '3.0.1', 'IPython': '8.36.0', 'ipywidgets': '8.1.7', 'tqdm': '4.67.1', 'numpy': '1.23.5', 'pandas': '1.5.3', 'jinja2': '3.1.6', 'scipy': '1.11.4', 'joblib': '1.3.2', 'sklearn': '1.2.2', 'pyod': '2.0.5', 'imblearn': '0.12.4', 'category_encoders': '2.7.0', 'lightgbm': '4.6.0', 'numba': '0.60.0', 'requests': '2.32.3', 'matplotlib': '3.10.1', 'scikitplot': '0.3.7', 'yellowbrick': '1.5', 'plotly': '5.24.1', 'kaleido': '0.2.1', 'statsmodels': '0.14.4', 'sktime': '0.17.0', 'tbats': '1.1.3', 'pmdarima': '2.0.4', 'psutil': '7.0.0'}, 'python': {'version': '3.10.16', 'machine': 'AMD64'}}
pickle: {'deps_info': {'pip': '25.0', 'setuptools': '75.8.0', 'pycaret': '3.0.1', 'IPython': '8.34.0', 'ipywidgets': '8.1.5', 'tqdm': '4.67.1', 'numpy': '1.23.5', 'pandas': '1.5.3', 'jinja2': '3.1.6', 'scipy': '1.11.4', 'joblib': '1.3.2', 'sklearn': '1.2.2', 'pyod': '2.0.4', 'imblearn': '0.12.4', 'category_encoders': '2.7.0', 'lightgbm': '4.6.0', 'numba': '0.60.0', 'requests': '2.32.3', 'matplotlib': '3.10.1', 'scikitplot': '0.3.7', 'yellowbrick': '1.5', 'plotly': '5.24.1', 'kaleido': '0.2.1', 'statsmodels': '0.14.4', 'sktime': '0.17.0', 'tbats': '1.1.3', 'pmdarima': '2.0.4', 'psutil': '5.9.0'}, 'python': {'version': '3.10.16', 'machine': 'AMD64'}}
  warnings.warn(

2025-05-09 20:08:12,751:INFO:Initializing predict_model()
2025-05-09 20:08:12,751:INFO:predict_model(self=<pycaret.classification.oop.ClassificationExperiment object at 0x00000222965CCCD0>, estimator=Pipeline(memory=Memory(location=C:\Users\anton\Downloads\deploy\deploy\cp2\.pycaret_cache_temp\joblib),
         steps=[('numerical_imputer',
                 TransformerWrapper(include=['AcceptedCmp1', 'AcceptedCmp2',
                                             'AcceptedCmp3', 'AcceptedCmp4',
                                             'AcceptedCmp5', 'Age', 'Complain',
                                             'Income', 'Kidhome',
                                             'MntFishProducts', 'MntFruits',
                                             'MntGoldProds', 'MntMeatProducts',
                                             'MntSweetProducts...
                 TransformerWrapper(include=['Education', 'Marital_Status'],
                                    transformer=OneHotEncoder(cols=['Education',
                                                                    'Marital_Status'],
                                                              handle_missing='return_nan',
                                                              use_cat_names=True))),
                ('remove_outliers',
                 TransformerWrapper(transformer=RemoveOutliers(random_state=123))),
                ('balance',
                 TransformerWrapper(transformer=FixImbalancer(estimator=SMOTE()))),
                ('trained_model',
                 RandomForestClassifier(n_jobs=-1, random_state=123))]), probability_threshold=None, encoded_labels=False, raw_score=True, round=4, verbose=True, ml_usecase=None, preprocess=True, encode_labels=<function _SupervisedExperiment.predict_model.<locals>.encode_labels at 0x0000022297C94310>)
2025-05-09 20:08:12,751:INFO:Checking exceptions
2025-05-09 20:08:12,751:INFO:Preloading libraries
2025-05-09 20:08:12,751:INFO:Set up data.
2025-05-09 20:08:12,757:INFO:Set up index.
2025-05-09 20:10:02,706:INFO:Initializing load_model()
2025-05-09 20:10:02,706:INFO:load_model(model_name=./pickle/pickle_rf_pycaret, platform=None, authentication=None, verbose=True)
2025-05-09 20:10:02,773:WARNING:C:\Users\anton\miniconda3\envs\pyenv310\lib\site-packages\pycaret\internal\pipeline.py:135: UserWarning:

Version mismatch:
current: {'deps_info': {'pip': '25.1', 'setuptools': '78.1.1', 'pycaret': '3.0.1', 'IPython': '8.36.0', 'ipywidgets': '8.1.7', 'tqdm': '4.67.1', 'numpy': '1.23.5', 'pandas': '1.5.3', 'jinja2': '3.1.6', 'scipy': '1.11.4', 'joblib': '1.3.2', 'sklearn': '1.2.2', 'pyod': '2.0.5', 'imblearn': '0.12.4', 'category_encoders': '2.7.0', 'lightgbm': '4.6.0', 'numba': '0.60.0', 'requests': '2.32.3', 'matplotlib': '3.10.1', 'scikitplot': '0.3.7', 'yellowbrick': '1.5', 'plotly': '5.24.1', 'kaleido': '0.2.1', 'statsmodels': '0.14.4', 'sktime': '0.17.0', 'tbats': '1.1.3', 'pmdarima': '2.0.4', 'psutil': '7.0.0'}, 'python': {'version': '3.10.16', 'machine': 'AMD64'}}
pickle: {'deps_info': {'pip': '25.0', 'setuptools': '75.8.0', 'pycaret': '3.0.1', 'IPython': '8.34.0', 'ipywidgets': '8.1.5', 'tqdm': '4.67.1', 'numpy': '1.23.5', 'pandas': '1.5.3', 'jinja2': '3.1.6', 'scipy': '1.11.4', 'joblib': '1.3.2', 'sklearn': '1.2.2', 'pyod': '2.0.4', 'imblearn': '0.12.4', 'category_encoders': '2.7.0', 'lightgbm': '4.6.0', 'numba': '0.60.0', 'requests': '2.32.3', 'matplotlib': '3.10.1', 'scikitplot': '0.3.7', 'yellowbrick': '1.5', 'plotly': '5.24.1', 'kaleido': '0.2.1', 'statsmodels': '0.14.4', 'sktime': '0.17.0', 'tbats': '1.1.3', 'pmdarima': '2.0.4', 'psutil': '5.9.0'}, 'python': {'version': '3.10.16', 'machine': 'AMD64'}}


2025-05-09 20:10:02,781:INFO:Initializing predict_model()
2025-05-09 20:10:02,781:INFO:predict_model(self=<pycaret.classification.oop.ClassificationExperiment object at 0x0000022297F67E50>, estimator=Pipeline(memory=Memory(location=C:\Users\anton\Downloads\deploy\deploy\cp2\.pycaret_cache_temp\joblib),
         steps=[('numerical_imputer',
                 TransformerWrapper(include=['AcceptedCmp1', 'AcceptedCmp2',
                                             'AcceptedCmp3', 'AcceptedCmp4',
                                             'AcceptedCmp5', 'Age', 'Complain',
                                             'Income', 'Kidhome',
                                             'MntFishProducts', 'MntFruits',
                                             'MntGoldProds', 'MntMeatProducts',
                                             'MntSweetProducts...
                 TransformerWrapper(include=['Education', 'Marital_Status'],
                                    transformer=OneHotEncoder(cols=['Education',
                                                                    'Marital_Status'],
                                                              handle_missing='return_nan',
                                                              use_cat_names=True))),
                ('remove_outliers',
                 TransformerWrapper(transformer=RemoveOutliers(random_state=123))),
                ('balance',
                 TransformerWrapper(transformer=FixImbalancer(estimator=SMOTE()))),
                ('trained_model',
                 RandomForestClassifier(n_jobs=-1, random_state=123))]), probability_threshold=None, encoded_labels=False, raw_score=True, round=4, verbose=True, ml_usecase=None, preprocess=True, encode_labels=<function _SupervisedExperiment.predict_model.<locals>.encode_labels at 0x0000022297EAEDD0>)
2025-05-09 20:10:02,782:INFO:Checking exceptions
2025-05-09 20:10:02,782:INFO:Preloading libraries
2025-05-09 20:10:02,782:INFO:Set up data.
2025-05-09 20:10:02,786:INFO:Set up index.
2025-05-09 20:10:10,424:INFO:Initializing load_model()
2025-05-09 20:10:10,424:INFO:load_model(model_name=pickle/pickle_rf_pycaret, platform=None, authentication=None, verbose=True)
2025-05-09 20:10:10,491:WARNING:C:\Users\anton\miniconda3\envs\pyenv310\lib\site-packages\pycaret\internal\pipeline.py:135: UserWarning:

Version mismatch:
current: {'deps_info': {'pip': '25.1', 'setuptools': '78.1.1', 'pycaret': '3.0.1', 'IPython': '8.36.0', 'ipywidgets': '8.1.7', 'tqdm': '4.67.1', 'numpy': '1.23.5', 'pandas': '1.5.3', 'jinja2': '3.1.6', 'scipy': '1.11.4', 'joblib': '1.3.2', 'sklearn': '1.2.2', 'pyod': '2.0.5', 'imblearn': '0.12.4', 'category_encoders': '2.7.0', 'lightgbm': '4.6.0', 'numba': '0.60.0', 'requests': '2.32.3', 'matplotlib': '3.10.1', 'scikitplot': '0.3.7', 'yellowbrick': '1.5', 'plotly': '5.24.1', 'kaleido': '0.2.1', 'statsmodels': '0.14.4', 'sktime': '0.17.0', 'tbats': '1.1.3', 'pmdarima': '2.0.4', 'psutil': '7.0.0'}, 'python': {'version': '3.10.16', 'machine': 'AMD64'}}
pickle: {'deps_info': {'pip': '25.0', 'setuptools': '75.8.0', 'pycaret': '3.0.1', 'IPython': '8.34.0', 'ipywidgets': '8.1.5', 'tqdm': '4.67.1', 'numpy': '1.23.5', 'pandas': '1.5.3', 'jinja2': '3.1.6', 'scipy': '1.11.4', 'joblib': '1.3.2', 'sklearn': '1.2.2', 'pyod': '2.0.4', 'imblearn': '0.12.4', 'category_encoders': '2.7.0', 'lightgbm': '4.6.0', 'numba': '0.60.0', 'requests': '2.32.3', 'matplotlib': '3.10.1', 'scikitplot': '0.3.7', 'yellowbrick': '1.5', 'plotly': '5.24.1', 'kaleido': '0.2.1', 'statsmodels': '0.14.4', 'sktime': '0.17.0', 'tbats': '1.1.3', 'pmdarima': '2.0.4', 'psutil': '5.9.0'}, 'python': {'version': '3.10.16', 'machine': 'AMD64'}}


2025-05-09 20:10:12,574:INFO:Initializing load_model()
2025-05-09 20:10:12,574:INFO:load_model(model_name=pickle/pickle_rf_pycaret, platform=None, authentication=None, verbose=True)
2025-05-09 20:10:12,631:WARNING:C:\Users\anton\miniconda3\envs\pyenv310\lib\site-packages\pycaret\internal\pipeline.py:135: UserWarning:

Version mismatch:
current: {'deps_info': {'pip': '25.1', 'setuptools': '78.1.1', 'pycaret': '3.0.1', 'IPython': '8.36.0', 'ipywidgets': '8.1.7', 'tqdm': '4.67.1', 'numpy': '1.23.5', 'pandas': '1.5.3', 'jinja2': '3.1.6', 'scipy': '1.11.4', 'joblib': '1.3.2', 'sklearn': '1.2.2', 'pyod': '2.0.5', 'imblearn': '0.12.4', 'category_encoders': '2.7.0', 'lightgbm': '4.6.0', 'numba': '0.60.0', 'requests': '2.32.3', 'matplotlib': '3.10.1', 'scikitplot': '0.3.7', 'yellowbrick': '1.5', 'plotly': '5.24.1', 'kaleido': '0.2.1', 'statsmodels': '0.14.4', 'sktime': '0.17.0', 'tbats': '1.1.3', 'pmdarima': '2.0.4', 'psutil': '7.0.0'}, 'python': {'version': '3.10.16', 'machine': 'AMD64'}}
pickle: {'deps_info': {'pip': '25.0', 'setuptools': '75.8.0', 'pycaret': '3.0.1', 'IPython': '8.34.0', 'ipywidgets': '8.1.5', 'tqdm': '4.67.1', 'numpy': '1.23.5', 'pandas': '1.5.3', 'jinja2': '3.1.6', 'scipy': '1.11.4', 'joblib': '1.3.2', 'sklearn': '1.2.2', 'pyod': '2.0.4', 'imblearn': '0.12.4', 'category_encoders': '2.7.0', 'lightgbm': '4.6.0', 'numba': '0.60.0', 'requests': '2.32.3', 'matplotlib': '3.10.1', 'scikitplot': '0.3.7', 'yellowbrick': '1.5', 'plotly': '5.24.1', 'kaleido': '0.2.1', 'statsmodels': '0.14.4', 'sktime': '0.17.0', 'tbats': '1.1.3', 'pmdarima': '2.0.4', 'psutil': '5.9.0'}, 'python': {'version': '3.10.16', 'machine': 'AMD64'}}


2025-05-09 20:10:12,667:INFO:Initializing predict_model()
2025-05-09 20:10:12,668:INFO:predict_model(self=<pycaret.classification.oop.ClassificationExperiment object at 0x0000022298025900>, estimator=Pipeline(memory=Memory(location=C:\Users\anton\Downloads\deploy\deploy\cp2\.pycaret_cache_temp\joblib),
         steps=[('numerical_imputer',
                 TransformerWrapper(include=['AcceptedCmp1', 'AcceptedCmp2',
                                             'AcceptedCmp3', 'AcceptedCmp4',
                                             'AcceptedCmp5', 'Age', 'Complain',
                                             'Income', 'Kidhome',
                                             'MntFishProducts', 'MntFruits',
                                             'MntGoldProds', 'MntMeatProducts',
                                             'MntSweetProducts...
                 TransformerWrapper(include=['Education', 'Marital_Status'],
                                    transformer=OneHotEncoder(cols=['Education',
                                                                    'Marital_Status'],
                                                              handle_missing='return_nan',
                                                              use_cat_names=True))),
                ('remove_outliers',
                 TransformerWrapper(transformer=RemoveOutliers(random_state=123))),
                ('balance',
                 TransformerWrapper(transformer=FixImbalancer(estimator=SMOTE()))),
                ('trained_model',
                 RandomForestClassifier(n_jobs=-1, random_state=123))]), probability_threshold=None, encoded_labels=False, raw_score=True, round=4, verbose=True, ml_usecase=None, preprocess=True, encode_labels=<function _SupervisedExperiment.predict_model.<locals>.encode_labels at 0x00000222DF6A4040>)
2025-05-09 20:10:12,668:INFO:Checking exceptions
2025-05-09 20:10:12,668:INFO:Preloading libraries
2025-05-09 20:10:12,668:INFO:Set up data.
2025-05-09 20:10:12,677:INFO:Set up index.
2025-05-09 20:12:06,355:INFO:Initializing load_model()
2025-05-09 20:12:06,355:INFO:load_model(model_name=pickle/pickle_rf_pycaret, platform=None, authentication=None, verbose=True)
2025-05-09 20:12:06,405:WARNING:C:\Users\anton\miniconda3\envs\pyenv310\lib\site-packages\pycaret\internal\pipeline.py:135: UserWarning:

Version mismatch:
current: {'deps_info': {'pip': '25.1', 'setuptools': '78.1.1', 'pycaret': '3.0.1', 'IPython': '8.36.0', 'ipywidgets': '8.1.7', 'tqdm': '4.67.1', 'numpy': '1.23.5', 'pandas': '1.5.3', 'jinja2': '3.1.6', 'scipy': '1.11.4', 'joblib': '1.3.2', 'sklearn': '1.2.2', 'pyod': '2.0.5', 'imblearn': '0.12.4', 'category_encoders': '2.7.0', 'lightgbm': '4.6.0', 'numba': '0.60.0', 'requests': '2.32.3', 'matplotlib': '3.10.1', 'scikitplot': '0.3.7', 'yellowbrick': '1.5', 'plotly': '5.24.1', 'kaleido': '0.2.1', 'statsmodels': '0.14.4', 'sktime': '0.17.0', 'tbats': '1.1.3', 'pmdarima': '2.0.4', 'psutil': '7.0.0'}, 'python': {'version': '3.10.16', 'machine': 'AMD64'}}
pickle: {'deps_info': {'pip': '25.0', 'setuptools': '75.8.0', 'pycaret': '3.0.1', 'IPython': '8.34.0', 'ipywidgets': '8.1.5', 'tqdm': '4.67.1', 'numpy': '1.23.5', 'pandas': '1.5.3', 'jinja2': '3.1.6', 'scipy': '1.11.4', 'joblib': '1.3.2', 'sklearn': '1.2.2', 'pyod': '2.0.4', 'imblearn': '0.12.4', 'category_encoders': '2.7.0', 'lightgbm': '4.6.0', 'numba': '0.60.0', 'requests': '2.32.3', 'matplotlib': '3.10.1', 'scikitplot': '0.3.7', 'yellowbrick': '1.5', 'plotly': '5.24.1', 'kaleido': '0.2.1', 'statsmodels': '0.14.4', 'sktime': '0.17.0', 'tbats': '1.1.3', 'pmdarima': '2.0.4', 'psutil': '5.9.0'}, 'python': {'version': '3.10.16', 'machine': 'AMD64'}}


2025-05-09 20:12:08,508:INFO:Initializing load_model()
2025-05-09 20:12:08,509:INFO:load_model(model_name=pickle/pickle_rf_pycaret, platform=None, authentication=None, verbose=True)
2025-05-09 20:12:08,550:WARNING:C:\Users\anton\miniconda3\envs\pyenv310\lib\site-packages\pycaret\internal\pipeline.py:135: UserWarning:

Version mismatch:
current: {'deps_info': {'pip': '25.1', 'setuptools': '78.1.1', 'pycaret': '3.0.1', 'IPython': '8.36.0', 'ipywidgets': '8.1.7', 'tqdm': '4.67.1', 'numpy': '1.23.5', 'pandas': '1.5.3', 'jinja2': '3.1.6', 'scipy': '1.11.4', 'joblib': '1.3.2', 'sklearn': '1.2.2', 'pyod': '2.0.5', 'imblearn': '0.12.4', 'category_encoders': '2.7.0', 'lightgbm': '4.6.0', 'numba': '0.60.0', 'requests': '2.32.3', 'matplotlib': '3.10.1', 'scikitplot': '0.3.7', 'yellowbrick': '1.5', 'plotly': '5.24.1', 'kaleido': '0.2.1', 'statsmodels': '0.14.4', 'sktime': '0.17.0', 'tbats': '1.1.3', 'pmdarima': '2.0.4', 'psutil': '7.0.0'}, 'python': {'version': '3.10.16', 'machine': 'AMD64'}}
pickle: {'deps_info': {'pip': '25.0', 'setuptools': '75.8.0', 'pycaret': '3.0.1', 'IPython': '8.34.0', 'ipywidgets': '8.1.5', 'tqdm': '4.67.1', 'numpy': '1.23.5', 'pandas': '1.5.3', 'jinja2': '3.1.6', 'scipy': '1.11.4', 'joblib': '1.3.2', 'sklearn': '1.2.2', 'pyod': '2.0.4', 'imblearn': '0.12.4', 'category_encoders': '2.7.0', 'lightgbm': '4.6.0', 'numba': '0.60.0', 'requests': '2.32.3', 'matplotlib': '3.10.1', 'scikitplot': '0.3.7', 'yellowbrick': '1.5', 'plotly': '5.24.1', 'kaleido': '0.2.1', 'statsmodels': '0.14.4', 'sktime': '0.17.0', 'tbats': '1.1.3', 'pmdarima': '2.0.4', 'psutil': '5.9.0'}, 'python': {'version': '3.10.16', 'machine': 'AMD64'}}


2025-05-09 20:12:08,578:INFO:Initializing predict_model()
2025-05-09 20:12:08,579:INFO:predict_model(self=<pycaret.classification.oop.ClassificationExperiment object at 0x0000022297AFAF50>, estimator=Pipeline(memory=Memory(location=C:\Users\anton\Downloads\deploy\deploy\cp2\.pycaret_cache_temp\joblib),
         steps=[('numerical_imputer',
                 TransformerWrapper(include=['AcceptedCmp1', 'AcceptedCmp2',
                                             'AcceptedCmp3', 'AcceptedCmp4',
                                             'AcceptedCmp5', 'Age', 'Complain',
                                             'Income', 'Kidhome',
                                             'MntFishProducts', 'MntFruits',
                                             'MntGoldProds', 'MntMeatProducts',
                                             'MntSweetProducts...
                 TransformerWrapper(include=['Education', 'Marital_Status'],
                                    transformer=OneHotEncoder(cols=['Education',
                                                                    'Marital_Status'],
                                                              handle_missing='return_nan',
                                                              use_cat_names=True))),
                ('remove_outliers',
                 TransformerWrapper(transformer=RemoveOutliers(random_state=123))),
                ('balance',
                 TransformerWrapper(transformer=FixImbalancer(estimator=SMOTE()))),
                ('trained_model',
                 RandomForestClassifier(n_jobs=-1, random_state=123))]), probability_threshold=None, encoded_labels=False, raw_score=True, round=4, verbose=True, ml_usecase=None, preprocess=True, encode_labels=<function _SupervisedExperiment.predict_model.<locals>.encode_labels at 0x00000222DF43BAC0>)
2025-05-09 20:12:08,579:INFO:Checking exceptions
2025-05-09 20:12:08,579:INFO:Preloading libraries
2025-05-09 20:12:08,579:INFO:Set up data.
2025-05-09 20:12:08,584:INFO:Set up index.
2025-05-09 20:12:08,788:INFO:Initializing predict_model()
2025-05-09 20:12:08,788:INFO:predict_model(self=<pycaret.classification.oop.ClassificationExperiment object at 0x00000222DF265450>, estimator=Pipeline(memory=Memory(location=C:\Users\anton\Downloads\deploy\deploy\cp2\.pycaret_cache_temp\joblib),
         steps=[('numerical_imputer',
                 TransformerWrapper(include=['AcceptedCmp1', 'AcceptedCmp2',
                                             'AcceptedCmp3', 'AcceptedCmp4',
                                             'AcceptedCmp5', 'Age', 'Complain',
                                             'Income', 'Kidhome',
                                             'MntFishProducts', 'MntFruits',
                                             'MntGoldProds', 'MntMeatProducts',
                                             'MntSweetProducts...
                 TransformerWrapper(include=['Education', 'Marital_Status'],
                                    transformer=OneHotEncoder(cols=['Education',
                                                                    'Marital_Status'],
                                                              handle_missing='return_nan',
                                                              use_cat_names=True))),
                ('remove_outliers',
                 TransformerWrapper(transformer=RemoveOutliers(random_state=123))),
                ('balance',
                 TransformerWrapper(transformer=FixImbalancer(estimator=SMOTE()))),
                ('trained_model',
                 RandomForestClassifier(n_jobs=-1, random_state=123))]), probability_threshold=None, encoded_labels=False, raw_score=True, round=4, verbose=True, ml_usecase=None, preprocess=True, encode_labels=<function _SupervisedExperiment.predict_model.<locals>.encode_labels at 0x00000222965B7EB0>)
2025-05-09 20:12:08,788:INFO:Checking exceptions
2025-05-09 20:12:08,788:INFO:Preloading libraries
2025-05-09 20:12:08,788:INFO:Set up data.
2025-05-09 20:12:08,797:INFO:Set up index.
2025-05-09 20:12:21,148:INFO:Initializing load_model()
2025-05-09 20:12:21,148:INFO:load_model(model_name=pickle/pickle_rf_pycaret, platform=None, authentication=None, verbose=True)
2025-05-09 20:12:21,203:WARNING:C:\Users\anton\miniconda3\envs\pyenv310\lib\site-packages\pycaret\internal\pipeline.py:135: UserWarning:

Version mismatch:
current: {'deps_info': {'pip': '25.1', 'setuptools': '78.1.1', 'pycaret': '3.0.1', 'IPython': '8.36.0', 'ipywidgets': '8.1.7', 'tqdm': '4.67.1', 'numpy': '1.23.5', 'pandas': '1.5.3', 'jinja2': '3.1.6', 'scipy': '1.11.4', 'joblib': '1.3.2', 'sklearn': '1.2.2', 'pyod': '2.0.5', 'imblearn': '0.12.4', 'category_encoders': '2.7.0', 'lightgbm': '4.6.0', 'numba': '0.60.0', 'requests': '2.32.3', 'matplotlib': '3.10.1', 'scikitplot': '0.3.7', 'yellowbrick': '1.5', 'plotly': '5.24.1', 'kaleido': '0.2.1', 'statsmodels': '0.14.4', 'sktime': '0.17.0', 'tbats': '1.1.3', 'pmdarima': '2.0.4', 'psutil': '7.0.0'}, 'python': {'version': '3.10.16', 'machine': 'AMD64'}}
pickle: {'deps_info': {'pip': '25.0', 'setuptools': '75.8.0', 'pycaret': '3.0.1', 'IPython': '8.34.0', 'ipywidgets': '8.1.5', 'tqdm': '4.67.1', 'numpy': '1.23.5', 'pandas': '1.5.3', 'jinja2': '3.1.6', 'scipy': '1.11.4', 'joblib': '1.3.2', 'sklearn': '1.2.2', 'pyod': '2.0.4', 'imblearn': '0.12.4', 'category_encoders': '2.7.0', 'lightgbm': '4.6.0', 'numba': '0.60.0', 'requests': '2.32.3', 'matplotlib': '3.10.1', 'scikitplot': '0.3.7', 'yellowbrick': '1.5', 'plotly': '5.24.1', 'kaleido': '0.2.1', 'statsmodels': '0.14.4', 'sktime': '0.17.0', 'tbats': '1.1.3', 'pmdarima': '2.0.4', 'psutil': '5.9.0'}, 'python': {'version': '3.10.16', 'machine': 'AMD64'}}


2025-05-09 20:12:26,548:INFO:Initializing load_model()
2025-05-09 20:12:26,548:INFO:load_model(model_name=pickle/pickle_rf_pycaret, platform=None, authentication=None, verbose=True)
2025-05-09 20:12:26,598:WARNING:C:\Users\anton\miniconda3\envs\pyenv310\lib\site-packages\pycaret\internal\pipeline.py:135: UserWarning:

Version mismatch:
current: {'deps_info': {'pip': '25.1', 'setuptools': '78.1.1', 'pycaret': '3.0.1', 'IPython': '8.36.0', 'ipywidgets': '8.1.7', 'tqdm': '4.67.1', 'numpy': '1.23.5', 'pandas': '1.5.3', 'jinja2': '3.1.6', 'scipy': '1.11.4', 'joblib': '1.3.2', 'sklearn': '1.2.2', 'pyod': '2.0.5', 'imblearn': '0.12.4', 'category_encoders': '2.7.0', 'lightgbm': '4.6.0', 'numba': '0.60.0', 'requests': '2.32.3', 'matplotlib': '3.10.1', 'scikitplot': '0.3.7', 'yellowbrick': '1.5', 'plotly': '5.24.1', 'kaleido': '0.2.1', 'statsmodels': '0.14.4', 'sktime': '0.17.0', 'tbats': '1.1.3', 'pmdarima': '2.0.4', 'psutil': '7.0.0'}, 'python': {'version': '3.10.16', 'machine': 'AMD64'}}
pickle: {'deps_info': {'pip': '25.0', 'setuptools': '75.8.0', 'pycaret': '3.0.1', 'IPython': '8.34.0', 'ipywidgets': '8.1.5', 'tqdm': '4.67.1', 'numpy': '1.23.5', 'pandas': '1.5.3', 'jinja2': '3.1.6', 'scipy': '1.11.4', 'joblib': '1.3.2', 'sklearn': '1.2.2', 'pyod': '2.0.4', 'imblearn': '0.12.4', 'category_encoders': '2.7.0', 'lightgbm': '4.6.0', 'numba': '0.60.0', 'requests': '2.32.3', 'matplotlib': '3.10.1', 'scikitplot': '0.3.7', 'yellowbrick': '1.5', 'plotly': '5.24.1', 'kaleido': '0.2.1', 'statsmodels': '0.14.4', 'sktime': '0.17.0', 'tbats': '1.1.3', 'pmdarima': '2.0.4', 'psutil': '5.9.0'}, 'python': {'version': '3.10.16', 'machine': 'AMD64'}}


2025-05-09 20:12:26,637:INFO:Initializing predict_model()
2025-05-09 20:12:26,637:INFO:predict_model(self=<pycaret.classification.oop.ClassificationExperiment object at 0x0000022296642170>, estimator=Pipeline(memory=Memory(location=C:\Users\anton\Downloads\deploy\deploy\cp2\.pycaret_cache_temp\joblib),
         steps=[('numerical_imputer',
                 TransformerWrapper(include=['AcceptedCmp1', 'AcceptedCmp2',
                                             'AcceptedCmp3', 'AcceptedCmp4',
                                             'AcceptedCmp5', 'Age', 'Complain',
                                             'Income', 'Kidhome',
                                             'MntFishProducts', 'MntFruits',
                                             'MntGoldProds', 'MntMeatProducts',
                                             'MntSweetProducts...
                 TransformerWrapper(include=['Education', 'Marital_Status'],
                                    transformer=OneHotEncoder(cols=['Education',
                                                                    'Marital_Status'],
                                                              handle_missing='return_nan',
                                                              use_cat_names=True))),
                ('remove_outliers',
                 TransformerWrapper(transformer=RemoveOutliers(random_state=123))),
                ('balance',
                 TransformerWrapper(transformer=FixImbalancer(estimator=SMOTE()))),
                ('trained_model',
                 RandomForestClassifier(n_jobs=-1, random_state=123))]), probability_threshold=None, encoded_labels=False, raw_score=True, round=4, verbose=True, ml_usecase=None, preprocess=True, encode_labels=<function _SupervisedExperiment.predict_model.<locals>.encode_labels at 0x00000222DF46C430>)
2025-05-09 20:12:26,637:INFO:Checking exceptions
2025-05-09 20:12:26,637:INFO:Preloading libraries
2025-05-09 20:12:26,638:INFO:Set up data.
2025-05-09 20:12:26,644:INFO:Set up index.
2025-05-09 20:12:26,870:INFO:Initializing predict_model()
2025-05-09 20:12:26,870:INFO:predict_model(self=<pycaret.classification.oop.ClassificationExperiment object at 0x0000022296643A60>, estimator=Pipeline(memory=Memory(location=C:\Users\anton\Downloads\deploy\deploy\cp2\.pycaret_cache_temp\joblib),
         steps=[('numerical_imputer',
                 TransformerWrapper(include=['AcceptedCmp1', 'AcceptedCmp2',
                                             'AcceptedCmp3', 'AcceptedCmp4',
                                             'AcceptedCmp5', 'Age', 'Complain',
                                             'Income', 'Kidhome',
                                             'MntFishProducts', 'MntFruits',
                                             'MntGoldProds', 'MntMeatProducts',
                                             'MntSweetProducts...
                 TransformerWrapper(include=['Education', 'Marital_Status'],
                                    transformer=OneHotEncoder(cols=['Education',
                                                                    'Marital_Status'],
                                                              handle_missing='return_nan',
                                                              use_cat_names=True))),
                ('remove_outliers',
                 TransformerWrapper(transformer=RemoveOutliers(random_state=123))),
                ('balance',
                 TransformerWrapper(transformer=FixImbalancer(estimator=SMOTE()))),
                ('trained_model',
                 RandomForestClassifier(n_jobs=-1, random_state=123))]), probability_threshold=None, encoded_labels=False, raw_score=True, round=4, verbose=True, ml_usecase=None, preprocess=True, encode_labels=<function _SupervisedExperiment.predict_model.<locals>.encode_labels at 0x0000022297B22EF0>)
2025-05-09 20:12:26,870:INFO:Checking exceptions
2025-05-09 20:12:26,870:INFO:Preloading libraries
2025-05-09 20:12:26,871:INFO:Set up data.
2025-05-09 20:12:26,878:INFO:Set up index.
2025-05-09 20:14:14,573:INFO:Initializing load_model()
2025-05-09 20:14:14,573:INFO:load_model(model_name=pickle/pickle_rf_pycaret, platform=None, authentication=None, verbose=True)
2025-05-09 20:14:14,624:WARNING:C:\Users\anton\miniconda3\envs\pyenv310\lib\site-packages\pycaret\internal\pipeline.py:135: UserWarning:

Version mismatch:
current: {'deps_info': {'pip': '25.1', 'setuptools': '78.1.1', 'pycaret': '3.0.1', 'IPython': '8.36.0', 'ipywidgets': '8.1.7', 'tqdm': '4.67.1', 'numpy': '1.23.5', 'pandas': '1.5.3', 'jinja2': '3.1.6', 'scipy': '1.11.4', 'joblib': '1.3.2', 'sklearn': '1.2.2', 'pyod': '2.0.5', 'imblearn': '0.12.4', 'category_encoders': '2.7.0', 'lightgbm': '4.6.0', 'numba': '0.60.0', 'requests': '2.32.3', 'matplotlib': '3.10.1', 'scikitplot': '0.3.7', 'yellowbrick': '1.5', 'plotly': '5.24.1', 'kaleido': '0.2.1', 'statsmodels': '0.14.4', 'sktime': '0.17.0', 'tbats': '1.1.3', 'pmdarima': '2.0.4', 'psutil': '7.0.0'}, 'python': {'version': '3.10.16', 'machine': 'AMD64'}}
pickle: {'deps_info': {'pip': '25.0', 'setuptools': '75.8.0', 'pycaret': '3.0.1', 'IPython': '8.34.0', 'ipywidgets': '8.1.5', 'tqdm': '4.67.1', 'numpy': '1.23.5', 'pandas': '1.5.3', 'jinja2': '3.1.6', 'scipy': '1.11.4', 'joblib': '1.3.2', 'sklearn': '1.2.2', 'pyod': '2.0.4', 'imblearn': '0.12.4', 'category_encoders': '2.7.0', 'lightgbm': '4.6.0', 'numba': '0.60.0', 'requests': '2.32.3', 'matplotlib': '3.10.1', 'scikitplot': '0.3.7', 'yellowbrick': '1.5', 'plotly': '5.24.1', 'kaleido': '0.2.1', 'statsmodels': '0.14.4', 'sktime': '0.17.0', 'tbats': '1.1.3', 'pmdarima': '2.0.4', 'psutil': '5.9.0'}, 'python': {'version': '3.10.16', 'machine': 'AMD64'}}


2025-05-09 20:14:16,733:INFO:Initializing load_model()
2025-05-09 20:14:16,733:INFO:load_model(model_name=pickle/pickle_rf_pycaret, platform=None, authentication=None, verbose=True)
2025-05-09 20:14:16,780:WARNING:C:\Users\anton\miniconda3\envs\pyenv310\lib\site-packages\pycaret\internal\pipeline.py:135: UserWarning:

Version mismatch:
current: {'deps_info': {'pip': '25.1', 'setuptools': '78.1.1', 'pycaret': '3.0.1', 'IPython': '8.36.0', 'ipywidgets': '8.1.7', 'tqdm': '4.67.1', 'numpy': '1.23.5', 'pandas': '1.5.3', 'jinja2': '3.1.6', 'scipy': '1.11.4', 'joblib': '1.3.2', 'sklearn': '1.2.2', 'pyod': '2.0.5', 'imblearn': '0.12.4', 'category_encoders': '2.7.0', 'lightgbm': '4.6.0', 'numba': '0.60.0', 'requests': '2.32.3', 'matplotlib': '3.10.1', 'scikitplot': '0.3.7', 'yellowbrick': '1.5', 'plotly': '5.24.1', 'kaleido': '0.2.1', 'statsmodels': '0.14.4', 'sktime': '0.17.0', 'tbats': '1.1.3', 'pmdarima': '2.0.4', 'psutil': '7.0.0'}, 'python': {'version': '3.10.16', 'machine': 'AMD64'}}
pickle: {'deps_info': {'pip': '25.0', 'setuptools': '75.8.0', 'pycaret': '3.0.1', 'IPython': '8.34.0', 'ipywidgets': '8.1.5', 'tqdm': '4.67.1', 'numpy': '1.23.5', 'pandas': '1.5.3', 'jinja2': '3.1.6', 'scipy': '1.11.4', 'joblib': '1.3.2', 'sklearn': '1.2.2', 'pyod': '2.0.4', 'imblearn': '0.12.4', 'category_encoders': '2.7.0', 'lightgbm': '4.6.0', 'numba': '0.60.0', 'requests': '2.32.3', 'matplotlib': '3.10.1', 'scikitplot': '0.3.7', 'yellowbrick': '1.5', 'plotly': '5.24.1', 'kaleido': '0.2.1', 'statsmodels': '0.14.4', 'sktime': '0.17.0', 'tbats': '1.1.3', 'pmdarima': '2.0.4', 'psutil': '5.9.0'}, 'python': {'version': '3.10.16', 'machine': 'AMD64'}}


2025-05-09 20:14:16,811:INFO:Initializing predict_model()
2025-05-09 20:14:16,811:INFO:predict_model(self=<pycaret.classification.oop.ClassificationExperiment object at 0x0000022297EF3280>, estimator=Pipeline(memory=Memory(location=C:\Users\anton\Downloads\deploy\deploy\cp2\.pycaret_cache_temp\joblib),
         steps=[('numerical_imputer',
                 TransformerWrapper(include=['AcceptedCmp1', 'AcceptedCmp2',
                                             'AcceptedCmp3', 'AcceptedCmp4',
                                             'AcceptedCmp5', 'Age', 'Complain',
                                             'Income', 'Kidhome',
                                             'MntFishProducts', 'MntFruits',
                                             'MntGoldProds', 'MntMeatProducts',
                                             'MntSweetProducts...
                 TransformerWrapper(include=['Education', 'Marital_Status'],
                                    transformer=OneHotEncoder(cols=['Education',
                                                                    'Marital_Status'],
                                                              handle_missing='return_nan',
                                                              use_cat_names=True))),
                ('remove_outliers',
                 TransformerWrapper(transformer=RemoveOutliers(random_state=123))),
                ('balance',
                 TransformerWrapper(transformer=FixImbalancer(estimator=SMOTE()))),
                ('trained_model',
                 RandomForestClassifier(n_jobs=-1, random_state=123))]), probability_threshold=None, encoded_labels=False, raw_score=True, round=4, verbose=True, ml_usecase=None, preprocess=True, encode_labels=<function _SupervisedExperiment.predict_model.<locals>.encode_labels at 0x00000222DF6A7F40>)
2025-05-09 20:14:16,811:INFO:Checking exceptions
2025-05-09 20:14:16,811:INFO:Preloading libraries
2025-05-09 20:14:16,811:INFO:Set up data.
2025-05-09 20:14:16,816:INFO:Set up index.
2025-05-09 20:14:40,890:INFO:Initializing load_model()
2025-05-09 20:14:40,890:INFO:load_model(model_name=./pickle/pickle_rf_pycaret, platform=None, authentication=None, verbose=True)
2025-05-09 20:14:40,951:WARNING:C:\Users\anton\miniconda3\envs\pyenv310\lib\site-packages\pycaret\internal\pipeline.py:135: UserWarning:

Version mismatch:
current: {'deps_info': {'pip': '25.1', 'setuptools': '78.1.1', 'pycaret': '3.0.1', 'IPython': '8.36.0', 'ipywidgets': '8.1.7', 'tqdm': '4.67.1', 'numpy': '1.23.5', 'pandas': '1.5.3', 'jinja2': '3.1.6', 'scipy': '1.11.4', 'joblib': '1.3.2', 'sklearn': '1.2.2', 'pyod': '2.0.5', 'imblearn': '0.12.4', 'category_encoders': '2.7.0', 'lightgbm': '4.6.0', 'numba': '0.60.0', 'requests': '2.32.3', 'matplotlib': '3.10.1', 'scikitplot': '0.3.7', 'yellowbrick': '1.5', 'plotly': '5.24.1', 'kaleido': '0.2.1', 'statsmodels': '0.14.4', 'sktime': '0.17.0', 'tbats': '1.1.3', 'pmdarima': '2.0.4', 'psutil': '7.0.0'}, 'python': {'version': '3.10.16', 'machine': 'AMD64'}}
pickle: {'deps_info': {'pip': '25.0', 'setuptools': '75.8.0', 'pycaret': '3.0.1', 'IPython': '8.34.0', 'ipywidgets': '8.1.5', 'tqdm': '4.67.1', 'numpy': '1.23.5', 'pandas': '1.5.3', 'jinja2': '3.1.6', 'scipy': '1.11.4', 'joblib': '1.3.2', 'sklearn': '1.2.2', 'pyod': '2.0.4', 'imblearn': '0.12.4', 'category_encoders': '2.7.0', 'lightgbm': '4.6.0', 'numba': '0.60.0', 'requests': '2.32.3', 'matplotlib': '3.10.1', 'scikitplot': '0.3.7', 'yellowbrick': '1.5', 'plotly': '5.24.1', 'kaleido': '0.2.1', 'statsmodels': '0.14.4', 'sktime': '0.17.0', 'tbats': '1.1.3', 'pmdarima': '2.0.4', 'psutil': '5.9.0'}, 'python': {'version': '3.10.16', 'machine': 'AMD64'}}


2025-05-09 20:14:40,961:INFO:Initializing predict_model()
2025-05-09 20:14:40,961:INFO:predict_model(self=<pycaret.classification.oop.ClassificationExperiment object at 0x00000222DF6C5E10>, estimator=Pipeline(memory=Memory(location=C:\Users\anton\Downloads\deploy\deploy\cp2\.pycaret_cache_temp\joblib),
         steps=[('numerical_imputer',
                 TransformerWrapper(include=['AcceptedCmp1', 'AcceptedCmp2',
                                             'AcceptedCmp3', 'AcceptedCmp4',
                                             'AcceptedCmp5', 'Age', 'Complain',
                                             'Income', 'Kidhome',
                                             'MntFishProducts', 'MntFruits',
                                             'MntGoldProds', 'MntMeatProducts',
                                             'MntSweetProducts...
                 TransformerWrapper(include=['Education', 'Marital_Status'],
                                    transformer=OneHotEncoder(cols=['Education',
                                                                    'Marital_Status'],
                                                              handle_missing='return_nan',
                                                              use_cat_names=True))),
                ('remove_outliers',
                 TransformerWrapper(transformer=RemoveOutliers(random_state=123))),
                ('balance',
                 TransformerWrapper(transformer=FixImbalancer(estimator=SMOTE()))),
                ('trained_model',
                 RandomForestClassifier(n_jobs=-1, random_state=123))]), probability_threshold=None, encoded_labels=False, raw_score=True, round=4, verbose=True, ml_usecase=None, preprocess=True, encode_labels=<function _SupervisedExperiment.predict_model.<locals>.encode_labels at 0x0000022298073A30>)
2025-05-09 20:14:40,961:INFO:Checking exceptions
2025-05-09 20:14:40,961:INFO:Preloading libraries
2025-05-09 20:14:40,961:INFO:Set up data.
2025-05-09 20:14:40,966:INFO:Set up index.
2025-05-09 20:15:26,234:INFO:Initializing load_model()
2025-05-09 20:15:26,234:INFO:load_model(model_name=./pickle/pickle_rf_pycaret, platform=None, authentication=None, verbose=True)
2025-05-09 20:15:26,299:WARNING:C:\Users\anton\miniconda3\envs\pyenv310\lib\site-packages\pycaret\internal\pipeline.py:135: UserWarning:

Version mismatch:
current: {'deps_info': {'pip': '25.1', 'setuptools': '78.1.1', 'pycaret': '3.0.1', 'IPython': '8.36.0', 'ipywidgets': '8.1.7', 'tqdm': '4.67.1', 'numpy': '1.23.5', 'pandas': '1.5.3', 'jinja2': '3.1.6', 'scipy': '1.11.4', 'joblib': '1.3.2', 'sklearn': '1.2.2', 'pyod': '2.0.5', 'imblearn': '0.12.4', 'category_encoders': '2.7.0', 'lightgbm': '4.6.0', 'numba': '0.60.0', 'requests': '2.32.3', 'matplotlib': '3.10.1', 'scikitplot': '0.3.7', 'yellowbrick': '1.5', 'plotly': '5.24.1', 'kaleido': '0.2.1', 'statsmodels': '0.14.4', 'sktime': '0.17.0', 'tbats': '1.1.3', 'pmdarima': '2.0.4', 'psutil': '7.0.0'}, 'python': {'version': '3.10.16', 'machine': 'AMD64'}}
pickle: {'deps_info': {'pip': '25.0', 'setuptools': '75.8.0', 'pycaret': '3.0.1', 'IPython': '8.34.0', 'ipywidgets': '8.1.5', 'tqdm': '4.67.1', 'numpy': '1.23.5', 'pandas': '1.5.3', 'jinja2': '3.1.6', 'scipy': '1.11.4', 'joblib': '1.3.2', 'sklearn': '1.2.2', 'pyod': '2.0.4', 'imblearn': '0.12.4', 'category_encoders': '2.7.0', 'lightgbm': '4.6.0', 'numba': '0.60.0', 'requests': '2.32.3', 'matplotlib': '3.10.1', 'scikitplot': '0.3.7', 'yellowbrick': '1.5', 'plotly': '5.24.1', 'kaleido': '0.2.1', 'statsmodels': '0.14.4', 'sktime': '0.17.0', 'tbats': '1.1.3', 'pmdarima': '2.0.4', 'psutil': '5.9.0'}, 'python': {'version': '3.10.16', 'machine': 'AMD64'}}


2025-05-09 20:15:26,311:INFO:Initializing predict_model()
2025-05-09 20:15:26,311:INFO:predict_model(self=<pycaret.classification.oop.ClassificationExperiment object at 0x0000022297F659C0>, estimator=Pipeline(memory=Memory(location=C:\Users\anton\Downloads\deploy\deploy\cp2\.pycaret_cache_temp\joblib),
         steps=[('numerical_imputer',
                 TransformerWrapper(include=['AcceptedCmp1', 'AcceptedCmp2',
                                             'AcceptedCmp3', 'AcceptedCmp4',
                                             'AcceptedCmp5', 'Age', 'Complain',
                                             'Income', 'Kidhome',
                                             'MntFishProducts', 'MntFruits',
                                             'MntGoldProds', 'MntMeatProducts',
                                             'MntSweetProducts...
                 TransformerWrapper(include=['Education', 'Marital_Status'],
                                    transformer=OneHotEncoder(cols=['Education',
                                                                    'Marital_Status'],
                                                              handle_missing='return_nan',
                                                              use_cat_names=True))),
                ('remove_outliers',
                 TransformerWrapper(transformer=RemoveOutliers(random_state=123))),
                ('balance',
                 TransformerWrapper(transformer=FixImbalancer(estimator=SMOTE()))),
                ('trained_model',
                 RandomForestClassifier(n_jobs=-1, random_state=123))]), probability_threshold=None, encoded_labels=False, raw_score=True, round=4, verbose=True, ml_usecase=None, preprocess=True, encode_labels=<function _SupervisedExperiment.predict_model.<locals>.encode_labels at 0x000002229807B400>)
2025-05-09 20:15:26,311:INFO:Checking exceptions
2025-05-09 20:15:26,311:INFO:Preloading libraries
2025-05-09 20:15:26,311:INFO:Set up data.
2025-05-09 20:15:26,320:INFO:Set up index.
2025-05-09 20:15:28,120:INFO:Initializing load_model()
2025-05-09 20:15:28,120:INFO:load_model(model_name=./pickle/pickle_rf_pycaret, platform=None, authentication=None, verbose=True)
2025-05-09 20:15:28,167:WARNING:C:\Users\anton\miniconda3\envs\pyenv310\lib\site-packages\pycaret\internal\pipeline.py:135: UserWarning:

Version mismatch:
current: {'deps_info': {'pip': '25.1', 'setuptools': '78.1.1', 'pycaret': '3.0.1', 'IPython': '8.36.0', 'ipywidgets': '8.1.7', 'tqdm': '4.67.1', 'numpy': '1.23.5', 'pandas': '1.5.3', 'jinja2': '3.1.6', 'scipy': '1.11.4', 'joblib': '1.3.2', 'sklearn': '1.2.2', 'pyod': '2.0.5', 'imblearn': '0.12.4', 'category_encoders': '2.7.0', 'lightgbm': '4.6.0', 'numba': '0.60.0', 'requests': '2.32.3', 'matplotlib': '3.10.1', 'scikitplot': '0.3.7', 'yellowbrick': '1.5', 'plotly': '5.24.1', 'kaleido': '0.2.1', 'statsmodels': '0.14.4', 'sktime': '0.17.0', 'tbats': '1.1.3', 'pmdarima': '2.0.4', 'psutil': '7.0.0'}, 'python': {'version': '3.10.16', 'machine': 'AMD64'}}
pickle: {'deps_info': {'pip': '25.0', 'setuptools': '75.8.0', 'pycaret': '3.0.1', 'IPython': '8.34.0', 'ipywidgets': '8.1.5', 'tqdm': '4.67.1', 'numpy': '1.23.5', 'pandas': '1.5.3', 'jinja2': '3.1.6', 'scipy': '1.11.4', 'joblib': '1.3.2', 'sklearn': '1.2.2', 'pyod': '2.0.4', 'imblearn': '0.12.4', 'category_encoders': '2.7.0', 'lightgbm': '4.6.0', 'numba': '0.60.0', 'requests': '2.32.3', 'matplotlib': '3.10.1', 'scikitplot': '0.3.7', 'yellowbrick': '1.5', 'plotly': '5.24.1', 'kaleido': '0.2.1', 'statsmodels': '0.14.4', 'sktime': '0.17.0', 'tbats': '1.1.3', 'pmdarima': '2.0.4', 'psutil': '5.9.0'}, 'python': {'version': '3.10.16', 'machine': 'AMD64'}}


2025-05-09 20:15:28,175:INFO:Initializing predict_model()
2025-05-09 20:15:28,175:INFO:predict_model(self=<pycaret.classification.oop.ClassificationExperiment object at 0x00000222967D0CA0>, estimator=Pipeline(memory=Memory(location=C:\Users\anton\Downloads\deploy\deploy\cp2\.pycaret_cache_temp\joblib),
         steps=[('numerical_imputer',
                 TransformerWrapper(include=['AcceptedCmp1', 'AcceptedCmp2',
                                             'AcceptedCmp3', 'AcceptedCmp4',
                                             'AcceptedCmp5', 'Age', 'Complain',
                                             'Income', 'Kidhome',
                                             'MntFishProducts', 'MntFruits',
                                             'MntGoldProds', 'MntMeatProducts',
                                             'MntSweetProducts...
                 TransformerWrapper(include=['Education', 'Marital_Status'],
                                    transformer=OneHotEncoder(cols=['Education',
                                                                    'Marital_Status'],
                                                              handle_missing='return_nan',
                                                              use_cat_names=True))),
                ('remove_outliers',
                 TransformerWrapper(transformer=RemoveOutliers(random_state=123))),
                ('balance',
                 TransformerWrapper(transformer=FixImbalancer(estimator=SMOTE()))),
                ('trained_model',
                 RandomForestClassifier(n_jobs=-1, random_state=123))]), probability_threshold=None, encoded_labels=False, raw_score=True, round=4, verbose=True, ml_usecase=None, preprocess=True, encode_labels=<function _SupervisedExperiment.predict_model.<locals>.encode_labels at 0x000002229807ACB0>)
2025-05-09 20:15:28,176:INFO:Checking exceptions
2025-05-09 20:15:28,176:INFO:Preloading libraries
2025-05-09 20:15:28,176:INFO:Set up data.
2025-05-09 20:15:28,181:INFO:Set up index.
2025-05-09 20:15:45,744:INFO:Initializing load_model()
2025-05-09 20:15:45,745:INFO:load_model(model_name=./pickle/pickle_rf_pycaret, platform=None, authentication=None, verbose=True)
2025-05-09 20:15:45,801:WARNING:C:\Users\anton\miniconda3\envs\pyenv310\lib\site-packages\pycaret\internal\pipeline.py:135: UserWarning:

Version mismatch:
current: {'deps_info': {'pip': '25.1', 'setuptools': '78.1.1', 'pycaret': '3.0.1', 'IPython': '8.36.0', 'ipywidgets': '8.1.7', 'tqdm': '4.67.1', 'numpy': '1.23.5', 'pandas': '1.5.3', 'jinja2': '3.1.6', 'scipy': '1.11.4', 'joblib': '1.3.2', 'sklearn': '1.2.2', 'pyod': '2.0.5', 'imblearn': '0.12.4', 'category_encoders': '2.7.0', 'lightgbm': '4.6.0', 'numba': '0.60.0', 'requests': '2.32.3', 'matplotlib': '3.10.1', 'scikitplot': '0.3.7', 'yellowbrick': '1.5', 'plotly': '5.24.1', 'kaleido': '0.2.1', 'statsmodels': '0.14.4', 'sktime': '0.17.0', 'tbats': '1.1.3', 'pmdarima': '2.0.4', 'psutil': '7.0.0'}, 'python': {'version': '3.10.16', 'machine': 'AMD64'}}
pickle: {'deps_info': {'pip': '25.0', 'setuptools': '75.8.0', 'pycaret': '3.0.1', 'IPython': '8.34.0', 'ipywidgets': '8.1.5', 'tqdm': '4.67.1', 'numpy': '1.23.5', 'pandas': '1.5.3', 'jinja2': '3.1.6', 'scipy': '1.11.4', 'joblib': '1.3.2', 'sklearn': '1.2.2', 'pyod': '2.0.4', 'imblearn': '0.12.4', 'category_encoders': '2.7.0', 'lightgbm': '4.6.0', 'numba': '0.60.0', 'requests': '2.32.3', 'matplotlib': '3.10.1', 'scikitplot': '0.3.7', 'yellowbrick': '1.5', 'plotly': '5.24.1', 'kaleido': '0.2.1', 'statsmodels': '0.14.4', 'sktime': '0.17.0', 'tbats': '1.1.3', 'pmdarima': '2.0.4', 'psutil': '5.9.0'}, 'python': {'version': '3.10.16', 'machine': 'AMD64'}}


2025-05-09 20:15:45,811:INFO:Initializing predict_model()
2025-05-09 20:15:45,811:INFO:predict_model(self=<pycaret.classification.oop.ClassificationExperiment object at 0x0000022297FE4760>, estimator=Pipeline(memory=Memory(location=C:\Users\anton\Downloads\deploy\deploy\cp2\.pycaret_cache_temp\joblib),
         steps=[('numerical_imputer',
                 TransformerWrapper(include=['AcceptedCmp1', 'AcceptedCmp2',
                                             'AcceptedCmp3', 'AcceptedCmp4',
                                             'AcceptedCmp5', 'Age', 'Complain',
                                             'Income', 'Kidhome',
                                             'MntFishProducts', 'MntFruits',
                                             'MntGoldProds', 'MntMeatProducts',
                                             'MntSweetProducts...
                 TransformerWrapper(include=['Education', 'Marital_Status'],
                                    transformer=OneHotEncoder(cols=['Education',
                                                                    'Marital_Status'],
                                                              handle_missing='return_nan',
                                                              use_cat_names=True))),
                ('remove_outliers',
                 TransformerWrapper(transformer=RemoveOutliers(random_state=123))),
                ('balance',
                 TransformerWrapper(transformer=FixImbalancer(estimator=SMOTE()))),
                ('trained_model',
                 RandomForestClassifier(n_jobs=-1, random_state=123))]), probability_threshold=None, encoded_labels=False, raw_score=True, round=4, verbose=True, ml_usecase=None, preprocess=True, encode_labels=<function _SupervisedExperiment.predict_model.<locals>.encode_labels at 0x000002229807BAC0>)
2025-05-09 20:15:45,813:INFO:Checking exceptions
2025-05-09 20:15:45,813:INFO:Preloading libraries
2025-05-09 20:15:45,813:INFO:Set up data.
2025-05-09 20:15:45,817:INFO:Set up index.
2025-05-09 20:15:52,611:INFO:Initializing load_model()
2025-05-09 20:15:52,611:INFO:load_model(model_name=./pickle/pickle_rf_pycaret, platform=None, authentication=None, verbose=True)
2025-05-09 20:15:52,667:WARNING:C:\Users\anton\miniconda3\envs\pyenv310\lib\site-packages\pycaret\internal\pipeline.py:135: UserWarning:

Version mismatch:
current: {'deps_info': {'pip': '25.1', 'setuptools': '78.1.1', 'pycaret': '3.0.1', 'IPython': '8.36.0', 'ipywidgets': '8.1.7', 'tqdm': '4.67.1', 'numpy': '1.23.5', 'pandas': '1.5.3', 'jinja2': '3.1.6', 'scipy': '1.11.4', 'joblib': '1.3.2', 'sklearn': '1.2.2', 'pyod': '2.0.5', 'imblearn': '0.12.4', 'category_encoders': '2.7.0', 'lightgbm': '4.6.0', 'numba': '0.60.0', 'requests': '2.32.3', 'matplotlib': '3.10.1', 'scikitplot': '0.3.7', 'yellowbrick': '1.5', 'plotly': '5.24.1', 'kaleido': '0.2.1', 'statsmodels': '0.14.4', 'sktime': '0.17.0', 'tbats': '1.1.3', 'pmdarima': '2.0.4', 'psutil': '7.0.0'}, 'python': {'version': '3.10.16', 'machine': 'AMD64'}}
pickle: {'deps_info': {'pip': '25.0', 'setuptools': '75.8.0', 'pycaret': '3.0.1', 'IPython': '8.34.0', 'ipywidgets': '8.1.5', 'tqdm': '4.67.1', 'numpy': '1.23.5', 'pandas': '1.5.3', 'jinja2': '3.1.6', 'scipy': '1.11.4', 'joblib': '1.3.2', 'sklearn': '1.2.2', 'pyod': '2.0.4', 'imblearn': '0.12.4', 'category_encoders': '2.7.0', 'lightgbm': '4.6.0', 'numba': '0.60.0', 'requests': '2.32.3', 'matplotlib': '3.10.1', 'scikitplot': '0.3.7', 'yellowbrick': '1.5', 'plotly': '5.24.1', 'kaleido': '0.2.1', 'statsmodels': '0.14.4', 'sktime': '0.17.0', 'tbats': '1.1.3', 'pmdarima': '2.0.4', 'psutil': '5.9.0'}, 'python': {'version': '3.10.16', 'machine': 'AMD64'}}


2025-05-09 20:15:52,680:INFO:Initializing predict_model()
2025-05-09 20:15:52,680:INFO:predict_model(self=<pycaret.classification.oop.ClassificationExperiment object at 0x00000222990CBE80>, estimator=Pipeline(memory=Memory(location=C:\Users\anton\Downloads\deploy\deploy\cp2\.pycaret_cache_temp\joblib),
         steps=[('numerical_imputer',
                 TransformerWrapper(include=['AcceptedCmp1', 'AcceptedCmp2',
                                             'AcceptedCmp3', 'AcceptedCmp4',
                                             'AcceptedCmp5', 'Age', 'Complain',
                                             'Income', 'Kidhome',
                                             'MntFishProducts', 'MntFruits',
                                             'MntGoldProds', 'MntMeatProducts',
                                             'MntSweetProducts...
                 TransformerWrapper(include=['Education', 'Marital_Status'],
                                    transformer=OneHotEncoder(cols=['Education',
                                                                    'Marital_Status'],
                                                              handle_missing='return_nan',
                                                              use_cat_names=True))),
                ('remove_outliers',
                 TransformerWrapper(transformer=RemoveOutliers(random_state=123))),
                ('balance',
                 TransformerWrapper(transformer=FixImbalancer(estimator=SMOTE()))),
                ('trained_model',
                 RandomForestClassifier(n_jobs=-1, random_state=123))]), probability_threshold=None, encoded_labels=False, raw_score=True, round=4, verbose=True, ml_usecase=None, preprocess=True, encode_labels=<function _SupervisedExperiment.predict_model.<locals>.encode_labels at 0x0000022298071630>)
2025-05-09 20:15:52,680:INFO:Checking exceptions
2025-05-09 20:15:52,680:INFO:Preloading libraries
2025-05-09 20:15:52,680:INFO:Set up data.
2025-05-09 20:15:52,686:INFO:Set up index.
2025-05-09 20:15:59,205:INFO:Initializing load_model()
2025-05-09 20:15:59,206:INFO:load_model(model_name=./pickle/pickle_rf_pycaret, platform=None, authentication=None, verbose=True)
2025-05-09 20:15:59,290:WARNING:C:\Users\anton\miniconda3\envs\pyenv310\lib\site-packages\pycaret\internal\pipeline.py:135: UserWarning:

Version mismatch:
current: {'deps_info': {'pip': '25.1', 'setuptools': '78.1.1', 'pycaret': '3.0.1', 'IPython': '8.36.0', 'ipywidgets': '8.1.7', 'tqdm': '4.67.1', 'numpy': '1.23.5', 'pandas': '1.5.3', 'jinja2': '3.1.6', 'scipy': '1.11.4', 'joblib': '1.3.2', 'sklearn': '1.2.2', 'pyod': '2.0.5', 'imblearn': '0.12.4', 'category_encoders': '2.7.0', 'lightgbm': '4.6.0', 'numba': '0.60.0', 'requests': '2.32.3', 'matplotlib': '3.10.1', 'scikitplot': '0.3.7', 'yellowbrick': '1.5', 'plotly': '5.24.1', 'kaleido': '0.2.1', 'statsmodels': '0.14.4', 'sktime': '0.17.0', 'tbats': '1.1.3', 'pmdarima': '2.0.4', 'psutil': '7.0.0'}, 'python': {'version': '3.10.16', 'machine': 'AMD64'}}
pickle: {'deps_info': {'pip': '25.0', 'setuptools': '75.8.0', 'pycaret': '3.0.1', 'IPython': '8.34.0', 'ipywidgets': '8.1.5', 'tqdm': '4.67.1', 'numpy': '1.23.5', 'pandas': '1.5.3', 'jinja2': '3.1.6', 'scipy': '1.11.4', 'joblib': '1.3.2', 'sklearn': '1.2.2', 'pyod': '2.0.4', 'imblearn': '0.12.4', 'category_encoders': '2.7.0', 'lightgbm': '4.6.0', 'numba': '0.60.0', 'requests': '2.32.3', 'matplotlib': '3.10.1', 'scikitplot': '0.3.7', 'yellowbrick': '1.5', 'plotly': '5.24.1', 'kaleido': '0.2.1', 'statsmodels': '0.14.4', 'sktime': '0.17.0', 'tbats': '1.1.3', 'pmdarima': '2.0.4', 'psutil': '5.9.0'}, 'python': {'version': '3.10.16', 'machine': 'AMD64'}}


2025-05-09 20:15:59,303:INFO:Initializing predict_model()
2025-05-09 20:15:59,303:INFO:predict_model(self=<pycaret.classification.oop.ClassificationExperiment object at 0x000002229910FE50>, estimator=Pipeline(memory=Memory(location=C:\Users\anton\Downloads\deploy\deploy\cp2\.pycaret_cache_temp\joblib),
         steps=[('numerical_imputer',
                 TransformerWrapper(include=['AcceptedCmp1', 'AcceptedCmp2',
                                             'AcceptedCmp3', 'AcceptedCmp4',
                                             'AcceptedCmp5', 'Age', 'Complain',
                                             'Income', 'Kidhome',
                                             'MntFishProducts', 'MntFruits',
                                             'MntGoldProds', 'MntMeatProducts',
                                             'MntSweetProducts...
                 TransformerWrapper(include=['Education', 'Marital_Status'],
                                    transformer=OneHotEncoder(cols=['Education',
                                                                    'Marital_Status'],
                                                              handle_missing='return_nan',
                                                              use_cat_names=True))),
                ('remove_outliers',
                 TransformerWrapper(transformer=RemoveOutliers(random_state=123))),
                ('balance',
                 TransformerWrapper(transformer=FixImbalancer(estimator=SMOTE()))),
                ('trained_model',
                 RandomForestClassifier(n_jobs=-1, random_state=123))]), probability_threshold=None, encoded_labels=False, raw_score=True, round=4, verbose=True, ml_usecase=None, preprocess=True, encode_labels=<function _SupervisedExperiment.predict_model.<locals>.encode_labels at 0x00000222DF43BF40>)
2025-05-09 20:15:59,304:INFO:Checking exceptions
2025-05-09 20:15:59,304:INFO:Preloading libraries
2025-05-09 20:15:59,304:INFO:Set up data.
2025-05-09 20:15:59,313:INFO:Set up index.
2025-05-09 20:16:18,648:INFO:Initializing load_model()
2025-05-09 20:16:18,648:INFO:load_model(model_name=pickle/pickle_rf_pycaret, platform=None, authentication=None, verbose=True)
2025-05-09 20:16:18,715:WARNING:C:\Users\anton\miniconda3\envs\pyenv310\lib\site-packages\pycaret\internal\pipeline.py:135: UserWarning:

Version mismatch:
current: {'deps_info': {'pip': '25.1', 'setuptools': '78.1.1', 'pycaret': '3.0.1', 'IPython': '8.36.0', 'ipywidgets': '8.1.7', 'tqdm': '4.67.1', 'numpy': '1.23.5', 'pandas': '1.5.3', 'jinja2': '3.1.6', 'scipy': '1.11.4', 'joblib': '1.3.2', 'sklearn': '1.2.2', 'pyod': '2.0.5', 'imblearn': '0.12.4', 'category_encoders': '2.7.0', 'lightgbm': '4.6.0', 'numba': '0.60.0', 'requests': '2.32.3', 'matplotlib': '3.10.1', 'scikitplot': '0.3.7', 'yellowbrick': '1.5', 'plotly': '5.24.1', 'kaleido': '0.2.1', 'statsmodels': '0.14.4', 'sktime': '0.17.0', 'tbats': '1.1.3', 'pmdarima': '2.0.4', 'psutil': '7.0.0'}, 'python': {'version': '3.10.16', 'machine': 'AMD64'}}
pickle: {'deps_info': {'pip': '25.0', 'setuptools': '75.8.0', 'pycaret': '3.0.1', 'IPython': '8.34.0', 'ipywidgets': '8.1.5', 'tqdm': '4.67.1', 'numpy': '1.23.5', 'pandas': '1.5.3', 'jinja2': '3.1.6', 'scipy': '1.11.4', 'joblib': '1.3.2', 'sklearn': '1.2.2', 'pyod': '2.0.4', 'imblearn': '0.12.4', 'category_encoders': '2.7.0', 'lightgbm': '4.6.0', 'numba': '0.60.0', 'requests': '2.32.3', 'matplotlib': '3.10.1', 'scikitplot': '0.3.7', 'yellowbrick': '1.5', 'plotly': '5.24.1', 'kaleido': '0.2.1', 'statsmodels': '0.14.4', 'sktime': '0.17.0', 'tbats': '1.1.3', 'pmdarima': '2.0.4', 'psutil': '5.9.0'}, 'python': {'version': '3.10.16', 'machine': 'AMD64'}}


2025-05-09 20:16:20,421:INFO:Initializing load_model()
2025-05-09 20:16:20,421:INFO:load_model(model_name=pickle/pickle_rf_pycaret, platform=None, authentication=None, verbose=True)
2025-05-09 20:16:20,468:WARNING:C:\Users\anton\miniconda3\envs\pyenv310\lib\site-packages\pycaret\internal\pipeline.py:135: UserWarning:

Version mismatch:
current: {'deps_info': {'pip': '25.1', 'setuptools': '78.1.1', 'pycaret': '3.0.1', 'IPython': '8.36.0', 'ipywidgets': '8.1.7', 'tqdm': '4.67.1', 'numpy': '1.23.5', 'pandas': '1.5.3', 'jinja2': '3.1.6', 'scipy': '1.11.4', 'joblib': '1.3.2', 'sklearn': '1.2.2', 'pyod': '2.0.5', 'imblearn': '0.12.4', 'category_encoders': '2.7.0', 'lightgbm': '4.6.0', 'numba': '0.60.0', 'requests': '2.32.3', 'matplotlib': '3.10.1', 'scikitplot': '0.3.7', 'yellowbrick': '1.5', 'plotly': '5.24.1', 'kaleido': '0.2.1', 'statsmodels': '0.14.4', 'sktime': '0.17.0', 'tbats': '1.1.3', 'pmdarima': '2.0.4', 'psutil': '7.0.0'}, 'python': {'version': '3.10.16', 'machine': 'AMD64'}}
pickle: {'deps_info': {'pip': '25.0', 'setuptools': '75.8.0', 'pycaret': '3.0.1', 'IPython': '8.34.0', 'ipywidgets': '8.1.5', 'tqdm': '4.67.1', 'numpy': '1.23.5', 'pandas': '1.5.3', 'jinja2': '3.1.6', 'scipy': '1.11.4', 'joblib': '1.3.2', 'sklearn': '1.2.2', 'pyod': '2.0.4', 'imblearn': '0.12.4', 'category_encoders': '2.7.0', 'lightgbm': '4.6.0', 'numba': '0.60.0', 'requests': '2.32.3', 'matplotlib': '3.10.1', 'scikitplot': '0.3.7', 'yellowbrick': '1.5', 'plotly': '5.24.1', 'kaleido': '0.2.1', 'statsmodels': '0.14.4', 'sktime': '0.17.0', 'tbats': '1.1.3', 'pmdarima': '2.0.4', 'psutil': '5.9.0'}, 'python': {'version': '3.10.16', 'machine': 'AMD64'}}


2025-05-09 20:16:20,493:INFO:Initializing predict_model()
2025-05-09 20:16:20,494:INFO:predict_model(self=<pycaret.classification.oop.ClassificationExperiment object at 0x00000222DF698CA0>, estimator=Pipeline(memory=Memory(location=C:\Users\anton\Downloads\deploy\deploy\cp2\.pycaret_cache_temp\joblib),
         steps=[('numerical_imputer',
                 TransformerWrapper(include=['AcceptedCmp1', 'AcceptedCmp2',
                                             'AcceptedCmp3', 'AcceptedCmp4',
                                             'AcceptedCmp5', 'Age', 'Complain',
                                             'Income', 'Kidhome',
                                             'MntFishProducts', 'MntFruits',
                                             'MntGoldProds', 'MntMeatProducts',
                                             'MntSweetProducts...
                 TransformerWrapper(include=['Education', 'Marital_Status'],
                                    transformer=OneHotEncoder(cols=['Education',
                                                                    'Marital_Status'],
                                                              handle_missing='return_nan',
                                                              use_cat_names=True))),
                ('remove_outliers',
                 TransformerWrapper(transformer=RemoveOutliers(random_state=123))),
                ('balance',
                 TransformerWrapper(transformer=FixImbalancer(estimator=SMOTE()))),
                ('trained_model',
                 RandomForestClassifier(n_jobs=-1, random_state=123))]), probability_threshold=None, encoded_labels=False, raw_score=True, round=4, verbose=True, ml_usecase=None, preprocess=True, encode_labels=<function _SupervisedExperiment.predict_model.<locals>.encode_labels at 0x00000222DF46D7E0>)
2025-05-09 20:16:20,494:INFO:Checking exceptions
2025-05-09 20:16:20,494:INFO:Preloading libraries
2025-05-09 20:16:20,494:INFO:Set up data.
2025-05-09 20:16:20,499:INFO:Set up index.
